0 info it worked if it ends with ok
1 verbose cli [ '/Users/gonzo/.nvm/versions/node/v6.2.2/bin/node',
1 verbose cli   '/Users/gonzo/.nvm/versions/node/v6.2.2/bin/npm',
1 verbose cli   'run-script',
1 verbose cli   'dev' ]
2 info using npm@3.9.5
3 info using node@v6.2.2
4 verbose run-script [ 'predev', 'dev', 'postdev' ]
5 info lifecycle flo-out-of-learning-notifications@1.0.0~predev: flo-out-of-learning-notifications@1.0.0
6 silly lifecycle flo-out-of-learning-notifications@1.0.0~predev: no script for predev, continuing
7 info lifecycle flo-out-of-learning-notifications@1.0.0~dev: flo-out-of-learning-notifications@1.0.0
8 verbose lifecycle flo-out-of-learning-notifications@1.0.0~dev: unsafe-perm in lifecycle true
9 verbose lifecycle flo-out-of-learning-notifications@1.0.0~dev: PATH: /Users/gonzo/.nvm/versions/node/v6.2.2/lib/node_modules/npm/bin/node-gyp-bin:/Users/gonzo/Development/flo/serverless/flo-out-of-learning-notifications/node_modules/.bin:/Users/gonzo/.nvm/versions/node/v6.2.2/bin:/Users/gonzo/Development/google-cloud-sdk/bin:/Users/gonzo/Development/hyperledger/fabric/fabric-samples/bin:/usr/local/go/bin:/Users/gonzo/Development/mongodb-osx-x86_64-4.0.5/bin:/usr/bin/python:/Users/gonzo/.nvm/versions/node/v6.2.2/bin:/usr/local/bin:/usr/bin:/bin:/usr/sbin:/sbin:/opt/X11/bin:/usr/local/git/bin
10 verbose lifecycle flo-out-of-learning-notifications@1.0.0~dev: CWD: /Users/gonzo/Development/flo/serverless/flo-out-of-learning-notifications
11 silly lifecycle flo-out-of-learning-notifications@1.0.0~dev: Args: [ '-c', 'node ./lib/test/SendEvent.js' ]
12 silly lifecycle flo-out-of-learning-notifications@1.0.0~dev: Returned: code: 1  signal: null
13 info lifecycle flo-out-of-learning-notifications@1.0.0~dev: Failed to exec dev script
14 verbose stack Error: flo-out-of-learning-notifications@1.0.0 dev: `node ./lib/test/SendEvent.js`
14 verbose stack Exit status 1
14 verbose stack     at EventEmitter.<anonymous> (/Users/gonzo/.nvm/versions/node/v6.2.2/lib/node_modules/npm/lib/utils/lifecycle.js:245:16)
14 verbose stack     at emitTwo (events.js:106:13)
14 verbose stack     at EventEmitter.emit (events.js:191:7)
14 verbose stack     at ChildProcess.<anonymous> (/Users/gonzo/.nvm/versions/node/v6.2.2/lib/node_modules/npm/lib/utils/spawn.js:24:14)
14 verbose stack     at emitTwo (events.js:106:13)
14 verbose stack     at ChildProcess.emit (events.js:191:7)
14 verbose stack     at maybeClose (internal/child_process.js:852:16)
14 verbose stack     at Process.ChildProcess._handle.onexit (internal/child_process.js:215:5)
15 verbose pkgid flo-out-of-learning-notifications@1.0.0
16 verbose cwd /Users/gonzo/Development/flo/serverless/flo-out-of-learning-notifications
17 error Darwin 18.2.0
18 error argv "/Users/gonzo/.nvm/versions/node/v6.2.2/bin/node" "/Users/gonzo/.nvm/versions/node/v6.2.2/bin/npm" "run-script" "dev"
19 error node v6.2.2
20 error npm  v3.9.5
21 error code ELIFECYCLE
22 error flo-out-of-learning-notifications@1.0.0 dev: `node ./lib/test/SendEvent.js`
22 error Exit status 1
23 error Failed at the flo-out-of-learning-notifications@1.0.0 dev script 'node ./lib/test/SendEvent.js'.
23 error Make sure you have the latest version of node.js and npm installed.
23 error If you do, this is most likely a problem with the flo-out-of-learning-notifications package,
23 error not with npm itself.
23 error Tell the author that this fails on your system:
23 error     node ./lib/test/SendEvent.js
23 error You can get information on how to open an issue for this project with:
23 error     npm bugs flo-out-of-learning-notifications
23 error Or if that isn't available, you can get their info via:
23 error     npm owner ls flo-out-of-learning-notifications
23 error There is likely additional logging output above.
24 verbose exit [ 1, true ]
